
> api@0.0.1 start:dev
> nest start --watch

[2J[3J[H[[90m4:45:50 PM[0m] Starting compilation in watch mode...

[[90m4:45:59 PM[0m] Found 0 errors. Watching for file changes.

[32m[Nest] 22084  - [39m07/03/2026, 4:46:03 PM [32m    LOG[39m [38;5;3m[NestFactory] [39m[32mStarting Nest application...[39m
[32m[Nest] 22084  - [39m07/03/2026, 4:46:03 PM [32m    LOG[39m [38;5;3m[InstanceLoader] [39m[32mPassportModule dependencies initialized[39m[38;5;3m +28ms[39m
[32m[Nest] 22084  - [39m07/03/2026, 4:46:03 PM [32m    LOG[39m [38;5;3m[InstanceLoader] [39m[32mConfigHostModule dependencies initialized[39m[38;5;3m +0ms[39m
[32m[Nest] 22084  - [39m07/03/2026, 4:46:03 PM [32m    LOG[39m [38;5;3m[InstanceLoader] [39m[32mThrottlerModule dependencies initialized[39m[38;5;3m +1ms[39m
[32m[Nest] 22084  - [39m07/03/2026, 4:46:03 PM [32m    LOG[39m [38;5;3m[InstanceLoader] [39m[32mDiscoveryModule dependencies initialized[39m[38;5;3m +0ms[39m
[32m[Nest] 22084  - [39m07/03/2026, 4:46:03 PM [32m    LOG[39m [38;5;3m[InstanceLoader] [39m[32mConfigModule dependencies initialized[39m[38;5;3m +4ms[39m
[32m[Nest] 22084  - [39m07/03/2026, 4:46:03 PM [32m    LOG[39m [38;5;3m[InstanceLoader] [39m[32mScheduleModule dependencies initialized[39m[38;5;3m +1ms[39m
[32m[Nest] 22084  - [39m07/03/2026, 4:46:03 PM [32m    LOG[39m [38;5;3m[InstanceLoader] [39m[32mDatabaseModule dependencies initialized[39m[38;5;3m +1ms[39m
[32m[Nest] 22084  - [39m07/03/2026, 4:46:03 PM [32m    LOG[39m [38;5;3m[InstanceLoader] [39m[32mJwtModule dependencies initialized[39m[38;5;3m +1ms[39m
[32m[Nest] 22084  - [39m07/03/2026, 4:46:03 PM [32m    LOG[39m [38;5;3m[InstanceLoader] [39m[32mJwtModule dependencies initialized[39m[38;5;3m +1ms[39m
[32m[Nest] 22084  - [39m07/03/2026, 4:46:03 PM [32m    LOG[39m [38;5;3m[InstanceLoader] [39m[32mJwtModule dependencies initialized[39m[38;5;3m +0ms[39m
[32m[Nest] 22084  - [39m07/03/2026, 4:46:03 PM [32m    LOG[39m [38;5;3m[InstanceLoader] [39m[32mJwtModule dependencies initialized[39m[38;5;3m +0ms[39m
[32m[Nest] 22084  - [39m07/03/2026, 4:46:03 PM [32m    LOG[39m [38;5;3m[InstanceLoader] [39m[32mAppModule dependencies initialized[39m[38;5;3m +2ms[39m
[32m[Nest] 22084  - [39m07/03/2026, 4:46:03 PM [32m    LOG[39m [38;5;3m[InstanceLoader] [39m[32mSpeechModule dependencies initialized[39m[38;5;3m +1ms[39m
[32m[Nest] 22084  - [39m07/03/2026, 4:46:03 PM [32m    LOG[39m [38;5;3m[InstanceLoader] [39m[32mAiModule dependencies initialized[39m[38;5;3m +0ms[39m
[32m[Nest] 22084  - [39m07/03/2026, 4:46:03 PM [32m    LOG[39m [38;5;3m[InstanceLoader] [39m[32mRemindersModule dependencies initialized[39m[38;5;3m +0ms[39m
[32m[Nest] 22084  - [39m07/03/2026, 4:46:03 PM [32m    LOG[39m [38;5;3m[InstanceLoader] [39m[32mTasksModule dependencies initialized[39m[38;5;3m +0ms[39m
[32m[Nest] 22084  - [39m07/03/2026, 4:46:03 PM [32m    LOG[39m [38;5;3m[InstanceLoader] [39m[32mDashboardModule dependencies initialized[39m[38;5;3m +0ms[39m
[32m[Nest] 22084  - [39m07/03/2026, 4:46:03 PM [32m    LOG[39m [38;5;3m[InstanceLoader] [39m[32mNotesModule dependencies initialized[39m[38;5;3m +0ms[39m
[32m[Nest] 22084  - [39m07/03/2026, 4:46:03 PM [32m    LOG[39m [38;5;3m[InstanceLoader] [39m[32mAuthModule dependencies initialized[39m[38;5;3m +1ms[39m
[32m[Nest] 22084  - [39m07/03/2026, 4:46:03 PM [32m    LOG[39m [38;5;3m[RoutesResolver] [39m[32mAppController {/}:[39m[38;5;3m +4ms[39m
[32m[Nest] 22084  - [39m07/03/2026, 4:46:03 PM [32m    LOG[39m [38;5;3m[RouterExplorer] [39m[32mMapped {/, GET} route[39m[38;5;3m +4ms[39m
[32m[Nest] 22084  - [39m07/03/2026, 4:46:03 PM [32m    LOG[39m [38;5;3m[RouterExplorer] [39m[32mMapped {/health, GET} route[39m[38;5;3m +0ms[39m
[32m[Nest] 22084  - [39m07/03/2026, 4:46:03 PM [32m    LOG[39m [38;5;3m[RouterExplorer] [39m[32mMapped {/health/db, GET} route[39m[38;5;3m +1ms[39m
[32m[Nest] 22084  - [39m07/03/2026, 4:46:03 PM [32m    LOG[39m [38;5;3m[RoutesResolver] [39m[32mAuthController {/auth}:[39m[38;5;3m +0ms[39m
[32m[Nest] 22084  - [39m07/03/2026, 4:46:03 PM [32m    LOG[39m [38;5;3m[RouterExplorer] [39m[32mMapped {/auth/logout, POST} route[39m[38;5;3m +1ms[39m
[32m[Nest] 22084  - [39m07/03/2026, 4:46:03 PM [32m    LOG[39m [38;5;3m[RouterExplorer] [39m[32mMapped {/auth/register, POST} route[39m[38;5;3m +1ms[39m
[32m[Nest] 22084  - [39m07/03/2026, 4:46:03 PM [32m    LOG[39m [38;5;3m[RouterExplorer] [39m[32mMapped {/auth/signup, POST} route[39m[38;5;3m +0ms[39m
[32m[Nest] 22084  - [39m07/03/2026, 4:46:03 PM [32m    LOG[39m [38;5;3m[RouterExplorer] [39m[32mMapped {/auth/login, POST} route[39m[38;5;3m +0ms[39m
[32m[Nest] 22084  - [39m07/03/2026, 4:46:03 PM [32m    LOG[39m [38;5;3m[RouterExplorer] [39m[32mMapped {/auth/social-login, POST} route[39m[38;5;3m +0ms[39m
[32m[Nest] 22084  - [39m07/03/2026, 4:46:03 PM [32m    LOG[39m [38;5;3m[RouterExplorer] [39m[32mMapped {/auth/google, GET} route[39m[38;5;3m +1ms[39m
[32m[Nest] 22084  - [39m07/03/2026, 4:46:03 PM [32m    LOG[39m [38;5;3m[RouterExplorer] [39m[32mMapped {/auth/google/callback, GET} route[39m[38;5;3m +0ms[39m
[32m[Nest] 22084  - [39m07/03/2026, 4:46:03 PM [32m    LOG[39m [38;5;3m[RouterExplorer] [39m[32mMapped {/auth/google/approval, GET} route[39m[38;5;3m +0ms[39m
[32m[Nest] 22084  - [39m07/03/2026, 4:46:03 PM [32m    LOG[39m [38;5;3m[RouterExplorer] [39m[32mMapped {/auth/google/approval/status, GET} route[39m[38;5;3m +0ms[39m
[32m[Nest] 22084  - [39m07/03/2026, 4:46:03 PM [32m    LOG[39m [38;5;3m[RouterExplorer] [39m[32mMapped {/auth/forgot-password, POST} route[39m[38;5;3m +1ms[39m
[32m[Nest] 22084  - [39m07/03/2026, 4:46:03 PM [32m    LOG[39m [38;5;3m[RouterExplorer] [39m[32mMapped {/auth/verify-reset-code, POST} route[39m[38;5;3m +0ms[39m
[32m[Nest] 22084  - [39m07/03/2026, 4:46:03 PM [32m    LOG[39m [38;5;3m[RouterExplorer] [39m[32mMapped {/auth/reset-password, POST} route[39m[38;5;3m +0ms[39m
[32m[Nest] 22084  - [39m07/03/2026, 4:46:03 PM [32m    LOG[39m [38;5;3m[RouterExplorer] [39m[32mMapped {/auth/exists, GET} route[39m[38;5;3m +0ms[39m
[32m[Nest] 22084  - [39m07/03/2026, 4:46:03 PM [32m    LOG[39m [38;5;3m[RoutesResolver] [39m[32mRemindersController {/reminders}:[39m[38;5;3m +0ms[39m
[32m[Nest] 22084  - [39m07/03/2026, 4:46:03 PM [32m    LOG[39m [38;5;3m[RouterExplorer] [39m[32mMapped {/reminders, POST} route[39m[38;5;3m +0ms[39m
[32m[Nest] 22084  - [39m07/03/2026, 4:46:03 PM [32m    LOG[39m [38;5;3m[RouterExplorer] [39m[32mMapped {/reminders, GET} route[39m[38;5;3m +0ms[39m
[32m[Nest] 22084  - [39m07/03/2026, 4:46:03 PM [32m    LOG[39m [38;5;3m[RouterExplorer] [39m[32mMapped {/reminders/:id, GET} route[39m[38;5;3m +1ms[39m
[32m[Nest] 22084  - [39m07/03/2026, 4:46:03 PM [32m    LOG[39m [38;5;3m[RouterExplorer] [39m[32mMapped {/reminders/:id, PATCH} route[39m[38;5;3m +0ms[39m
[32m[Nest] 22084  - [39m07/03/2026, 4:46:03 PM [32m    LOG[39m [38;5;3m[RouterExplorer] [39m[32mMapped {/reminders/:id, DELETE} route[39m[38;5;3m +0ms[39m
[32m[Nest] 22084  - [39m07/03/2026, 4:46:03 PM [32m    LOG[39m [38;5;3m[RoutesResolver] [39m[32mSpeechController {/speech}:[39m[38;5;3m +1ms[39m
[32m[Nest] 22084  - [39m07/03/2026, 4:46:03 PM [32m    LOG[39m [38;5;3m[RouterExplorer] [39m[32mMapped {/speech/transcribe, POST} route[39m[38;5;3m +0ms[39m
[32m[Nest] 22084  - [39m07/03/2026, 4:46:03 PM [32m    LOG[39m [38;5;3m[RoutesResolver] [39m[32mAiController {/ai}:[39m[38;5;3m +0ms[39m
[32m[Nest] 22084  - [39m07/03/2026, 4:46:03 PM [32m    LOG[39m [38;5;3m[RouterExplorer] [39m[32mMapped {/ai/parse-reminder, POST} route[39m[38;5;3m +0ms[39m
[32m[Nest] 22084  - [39m07/03/2026, 4:46:03 PM [32m    LOG[39m [38;5;3m[RouterExplorer] [39m[32mMapped {/ai/voice-reminder-draft, POST} route[39m[38;5;3m +0ms[39m
[32m[Nest] 22084  - [39m07/03/2026, 4:46:03 PM [32m    LOG[39m [38;5;3m[RoutesResolver] [39m[32mTasksController {/tasks}:[39m[38;5;3m +0ms[39m
[32m[Nest] 22084  - [39m07/03/2026, 4:46:03 PM [32m    LOG[39m [38;5;3m[RouterExplorer] [39m[32mMapped {/tasks, POST} route[39m[38;5;3m +1ms[39m
[32m[Nest] 22084  - [39m07/03/2026, 4:46:03 PM [32m    LOG[39m [38;5;3m[RouterExplorer] [39m[32mMapped {/tasks/recurrence/run, POST} route[39m[38;5;3m +0ms[39m
[32m[Nest] 22084  - [39m07/03/2026, 4:46:03 PM [32m    LOG[39m [38;5;3m[RouterExplorer] [39m[32mMapped {/tasks, GET} route[39m[38;5;3m +0ms[39m
[32m[Nest] 22084  - [39m07/03/2026, 4:46:03 PM [32m    LOG[39m [38;5;3m[RouterExplorer] [39m[32mMapped {/tasks/:id, GET} route[39m[38;5;3m +0ms[39m
[32m[Nest] 22084  - [39m07/03/2026, 4:46:03 PM [32m    LOG[39m [38;5;3m[RouterExplorer] [39m[32mMapped {/tasks/:id, PATCH} route[39m[38;5;3m +0ms[39m
[32m[Nest] 22084  - [39m07/03/2026, 4:46:03 PM [32m    LOG[39m [38;5;3m[RouterExplorer] [39m[32mMapped {/tasks/:id, DELETE} route[39m[38;5;3m +0ms[39m
[32m[Nest] 22084  - [39m07/03/2026, 4:46:03 PM [32m    LOG[39m [38;5;3m[RouterExplorer] [39m[32mMapped {/tasks/:id/status, PATCH} route[39m[38;5;3m +1ms[39m
[32m[Nest] 22084  - [39m07/03/2026, 4:46:03 PM [32m    LOG[39m [38;5;3m[RouterExplorer] [39m[32mMapped {/tasks/:id/progress, PATCH} route[39m[38;5;3m +0ms[39m
[32m[Nest] 22084  - [39m07/03/2026, 4:46:03 PM [32m    LOG[39m [38;5;3m[RouterExplorer] [39m[32mMapped {/tasks/:id/labels, GET} route[39m[38;5;3m +0ms[39m
[32m[Nest] 22084  - [39m07/03/2026, 4:46:03 PM [32m    LOG[39m [38;5;3m[RouterExplorer] [39m[32mMapped {/tasks/:id/labels, POST} route[39m[38;5;3m +0ms[39m
[32m[Nest] 22084  - [39m07/03/2026, 4:46:03 PM [32m    LOG[39m [38;5;3m[RouterExplorer] [39m[32mMapped {/tasks/:id/labels/:labelId, DELETE} route[39m[38;5;3m +0ms[39m
[32m[Nest] 22084  - [39m07/03/2026, 4:46:03 PM [32m    LOG[39m [38;5;3m[RouterExplorer] [39m[32mMapped {/tasks/:id/time-estimation, PATCH} route[39m[38;5;3m +0ms[39m
[32m[Nest] 22084  - [39m07/03/2026, 4:46:03 PM [32m    LOG[39m [38;5;3m[RouterExplorer] [39m[32mMapped {/tasks/:id/subtasks, POST} route[39m[38;5;3m +1ms[39m
[32m[Nest] 22084  - [39m07/03/2026, 4:46:03 PM [32m    LOG[39m [38;5;3m[RouterExplorer] [39m[32mMapped {/tasks/:id/subtasks, GET} route[39m[38;5;3m +0ms[39m
[32m[Nest] 22084  - [39m07/03/2026, 4:46:03 PM [32m    LOG[39m [38;5;3m[RouterExplorer] [39m[32mMapped {/tasks/:id/subtasks/:subtaskId, PATCH} route[39m[38;5;3m +0ms[39m
[32m[Nest] 22084  - [39m07/03/2026, 4:46:03 PM [32m    LOG[39m [38;5;3m[RouterExplorer] [39m[32mMapped {/tasks/:id/subtasks/:subtaskId, DELETE} route[39m[38;5;3m +0ms[39m
[32m[Nest] 22084  - [39m07/03/2026, 4:46:03 PM [32m    LOG[39m [38;5;3m[RouterExplorer] [39m[32mMapped {/tasks/:id/dependencies, POST} route[39m[38;5;3m +0ms[39m
[32m[Nest] 22084  - [39m07/03/2026, 4:46:03 PM [32m    LOG[39m [38;5;3m[RouterExplorer] [39m[32mMapped {/tasks/:id/dependencies, GET} route[39m[38;5;3m +0ms[39m
[32m[Nest] 22084  - [39m07/03/2026, 4:46:03 PM [32m    LOG[39m [38;5;3m[RouterExplorer] [39m[32mMapped {/tasks/:id/dependencies/:dependencyTaskId, PATCH} route[39m[38;5;3m +0ms[39m
[32m[Nest] 22084  - [39m07/03/2026, 4:46:03 PM [32m    LOG[39m [38;5;3m[RouterExplorer] [39m[32mMapped {/tasks/:id/dependencies/:dependencyTaskId, DELETE} route[39m[38;5;3m +1ms[39m
[32m[Nest] 22084  - [39m07/03/2026, 4:46:03 PM [32m    LOG[39m [38;5;3m[RouterExplorer] [39m[32mMapped {/tasks/:id/recurrence, PUT} route[39m[38;5;3m +0ms[39m
[32m[Nest] 22084  - [39m07/03/2026, 4:46:03 PM [32m    LOG[39m [38;5;3m[RouterExplorer] [39m[32mMapped {/tasks/:id/recurrence, GET} route[39m[38;5;3m +0ms[39m
[32m[Nest] 22084  - [39m07/03/2026, 4:46:03 PM [32m    LOG[39m [38;5;3m[RouterExplorer] [39m[32mMapped {/tasks/:id/recurrence, DELETE} route[39m[38;5;3m +0ms[39m
[32m[Nest] 22084  - [39m07/03/2026, 4:46:03 PM [32m    LOG[39m [38;5;3m[RouterExplorer] [39m[32mMapped {/tasks/:id/activity, GET} route[39m[38;5;3m +0ms[39m
[32m[Nest] 22084  - [39m07/03/2026, 4:46:03 PM [32m    LOG[39m [38;5;3m[RouterExplorer] [39m[32mMapped {/tasks/:id/attachments, GET} route[39m[38;5;3m +0ms[39m
[32m[Nest] 22084  - [39m07/03/2026, 4:46:03 PM [32m    LOG[39m [38;5;3m[RouterExplorer] [39m[32mMapped {/tasks/:id/attachments, POST} route[39m[38;5;3m +0ms[39m
[32m[Nest] 22084  - [39m07/03/2026, 4:46:03 PM [32m    LOG[39m [38;5;3m[RouterExplorer] [39m[32mMapped {/tasks/:id/attachments/:attachmentId/download, GET} route[39m[38;5;3m +0ms[39m
[32m[Nest] 22084  - [39m07/03/2026, 4:46:03 PM [32m    LOG[39m [38;5;3m[RouterExplorer] [39m[32mMapped {/tasks/:id/attachments/:attachmentId, DELETE} route[39m[38;5;3m +0ms[39m
[32m[Nest] 22084  - [39m07/03/2026, 4:46:03 PM [32m    LOG[39m [38;5;3m[RoutesResolver] [39m[32mDashboardController {/dashboard}:[39m[38;5;3m +0ms[39m
[32m[Nest] 22084  - [39m07/03/2026, 4:46:03 PM [32m    LOG[39m [38;5;3m[RouterExplorer] [39m[32mMapped {/dashboard/summary, GET} route[39m[38;5;3m +0ms[39m
[32m[Nest] 22084  - [39m07/03/2026, 4:46:03 PM [32m    LOG[39m [38;5;3m[RoutesResolver] [39m[32mNotesController {/notes}:[39m[38;5;3m +0ms[39m
[32m[Nest] 22084  - [39m07/03/2026, 4:46:03 PM [32m    LOG[39m [38;5;3m[RouterExplorer] [39m[32mMapped {/notes, POST} route[39m[38;5;3m +1ms[39m
[32m[Nest] 22084  - [39m07/03/2026, 4:46:03 PM [32m    LOG[39m [38;5;3m[RouterExplorer] [39m[32mMapped {/notes, GET} route[39m[38;5;3m +0ms[39m
[32m[Nest] 22084  - [39m07/03/2026, 4:46:03 PM [32m    LOG[39m [38;5;3m[RouterExplorer] [39m[32mMapped {/notes/:id, GET} route[39m[38;5;3m +0ms[39m
[32m[Nest] 22084  - [39m07/03/2026, 4:46:03 PM [32m    LOG[39m [38;5;3m[RouterExplorer] [39m[32mMapped {/notes/:id, PATCH} route[39m[38;5;3m +0ms[39m
[32m[Nest] 22084  - [39m07/03/2026, 4:46:03 PM [32m    LOG[39m [38;5;3m[RouterExplorer] [39m[32mMapped {/notes/:id, DELETE} route[39m[38;5;3m +0ms[39m
[32m[Nest] 22084  - [39m07/03/2026, 4:46:16 PM [32m    LOG[39m [38;5;3m[NestApplication] [39m[32mNest application successfully started[39m[38;5;3m +12770ms[39m
BeePlan API is listening on port 3000
[2J[3J[H[[90m6:04:50 PM[0m] File change detected. Starting incremental compilation...

[[90m6:04:52 PM[0m] Found 0 errors. Watching for file changes.

[2J[3J[H[[90m6:04:53 PM[0m] File change detected. Starting incremental compilation...

[[90m6:04:54 PM[0m] Found 0 errors. Watching for file changes.

[2J[3J[H[[90m6:04:55 PM[0m] File change detected. Starting incremental compilation...

[[90m6:05:02 PM[0m] Found 0 errors. Watching for file changes.

[2J[3J[H[[90m6:05:06 PM[0m] File change detected. Starting incremental compilation...

[[90m6:05:09 PM[0m] Found 0 errors. Watching for file changes.

[2J[3J[H[[90m6:05:10 PM[0m] File change detected. Starting incremental compilation...

[[90m6:05:11 PM[0m] Found 0 errors. Watching for file changes.

[2J[3J[H[[90m6:05:19 PM[0m] File change detected. Starting incremental compilation...

[[90m6:05:21 PM[0m] Found 0 errors. Watching for file changes.

[2J[3J[H[[90m6:05:21 PM[0m] File change detected. Starting incremental compilation...

[[90m6:05:23 PM[0m] Found 0 errors. Watching for file changes.

[2J[3J[H[[90m6:05:28 PM[0m] File change detected. Starting incremental compilation...

[[90m6:05:29 PM[0m] Found 0 errors. Watching for file changes.

[2J[3J[H[[90m6:05:30 PM[0m] File change detected. Starting incremental compilation...

[[90m6:05:31 PM[0m] Found 0 errors. Watching for file changes.

[2J[3J[H[[90m6:05:37 PM[0m] File change detected. Starting incremental compilation...

[[90m6:05:38 PM[0m] Found 0 errors. Watching for file changes.

[2J[3J[H[[90m6:05:39 PM[0m] File change detected. Starting incremental compilation...

[[90m6:05:40 PM[0m] Found 0 errors. Watching for file changes.

[32m[Nest] 7920  - [39m07/03/2026, 6:05:47 PM [32m    LOG[39m [38;5;3m[NestFactory] [39m[32mStarting Nest application...[39m
[32m[Nest] 7920  - [39m07/03/2026, 6:05:47 PM [32m    LOG[39m [38;5;3m[InstanceLoader] [39m[32mPassportModule dependencies initialized[39m[38;5;3m +257ms[39m
[32m[Nest] 7920  - [39m07/03/2026, 6:05:47 PM [32m    LOG[39m [38;5;3m[InstanceLoader] [39m[32mConfigHostModule dependencies initialized[39m[38;5;3m +4ms[39m
[32m[Nest] 7920  - [39m07/03/2026, 6:05:47 PM [32m    LOG[39m [38;5;3m[InstanceLoader] [39m[32mThrottlerModule dependencies initialized[39m[38;5;3m +0ms[39m
[32m[Nest] 7920  - [39m07/03/2026, 6:05:47 PM [32m    LOG[39m [38;5;3m[InstanceLoader] [39m[32mDiscoveryModule dependencies initialized[39m[38;5;3m +0ms[39m
[32m[Nest] 7920  - [39m07/03/2026, 6:05:47 PM [32m    LOG[39m [38;5;3m[InstanceLoader] [39m[32mConfigModule dependencies initialized[39m[38;5;3m +24ms[39m
[32m[Nest] 7920  - [39m07/03/2026, 6:05:47 PM [32m    LOG[39m [38;5;3m[InstanceLoader] [39m[32mScheduleModule dependencies initialized[39m[38;5;3m +4ms[39m
[32m[Nest] 7920  - [39m07/03/2026, 6:05:47 PM [32m    LOG[39m [38;5;3m[InstanceLoader] [39m[32mDatabaseModule dependencies initialized[39m[38;5;3m +5ms[39m
[32m[Nest] 7920  - [39m07/03/2026, 6:05:47 PM [32m    LOG[39m [38;5;3m[InstanceLoader] [39m[32mJwtModule dependencies initialized[39m[38;5;3m +3ms[39m
[32m[Nest] 7920  - [39m07/03/2026, 6:05:47 PM [32m    LOG[39m [38;5;3m[InstanceLoader] [39m[32mJwtModule dependencies initialized[39m[38;5;3m +1ms[39m
[32m[Nest] 7920  - [39m07/03/2026, 6:05:47 PM [32m    LOG[39m [38;5;3m[InstanceLoader] [39m[32mJwtModule dependencies initialized[39m[38;5;3m +0ms[39m
[32m[Nest] 7920  - [39m07/03/2026, 6:05:47 PM [32m    LOG[39m [38;5;3m[InstanceLoader] [39m[32mJwtModule dependencies initialized[39m[38;5;3m +0ms[39m
[32m[Nest] 7920  - [39m07/03/2026, 6:05:47 PM [32m    LOG[39m [38;5;3m[InstanceLoader] [39m[32mAppModule dependencies initialized[39m[38;5;3m +10ms[39m
[32m[Nest] 7920  - [39m07/03/2026, 6:05:47 PM [32m    LOG[39m [38;5;3m[InstanceLoader] [39m[32mSpeechModule dependencies initialized[39m[38;5;3m +1ms[39m
[32m[Nest] 7920  - [39m07/03/2026, 6:05:47 PM [32m    LOG[39m [38;5;3m[InstanceLoader] [39m[32mAiModule dependencies initialized[39m[38;5;3m +1ms[39m
[32m[Nest] 7920  - [39m07/03/2026, 6:05:47 PM [32m    LOG[39m [38;5;3m[InstanceLoader] [39m[32mRemindersModule dependencies initialized[39m[38;5;3m +1ms[39m
[32m[Nest] 7920  - [39m07/03/2026, 6:05:47 PM [32m    LOG[39m [38;5;3m[InstanceLoader] [39m[32mTasksModule dependencies initialized[39m[38;5;3m +0ms[39m
[32m[Nest] 7920  - [39m07/03/2026, 6:05:47 PM [32m    LOG[39m [38;5;3m[InstanceLoader] [39m[32mDashboardModule dependencies initialized[39m[38;5;3m +0ms[39m
[32m[Nest] 7920  - [39m07/03/2026, 6:05:47 PM [32m    LOG[39m [38;5;3m[InstanceLoader] [39m[32mNotesModule dependencies initialized[39m[38;5;3m +0ms[39m
[32m[Nest] 7920  - [39m07/03/2026, 6:05:47 PM [32m    LOG[39m [38;5;3m[InstanceLoader] [39m[32mAuthModule dependencies initialized[39m[38;5;3m +1ms[39m
[32m[Nest] 7920  - [39m07/03/2026, 6:05:47 PM [32m    LOG[39m [38;5;3m[RoutesResolver] [39m[32mAppController {/}:[39m[38;5;3m +21ms[39m
[32m[Nest] 7920  - [39m07/03/2026, 6:05:47 PM [32m    LOG[39m [38;5;3m[RouterExplorer] [39m[32mMapped {/, GET} route[39m[38;5;3m +10ms[39m
[32m[Nest] 7920  - [39m07/03/2026, 6:05:47 PM [32m    LOG[39m [38;5;3m[RouterExplorer] [39m[32mMapped {/health, GET} route[39m[38;5;3m +5ms[39m
[32m[Nest] 7920  - [39m07/03/2026, 6:05:47 PM [32m    LOG[39m [38;5;3m[RouterExplorer] [39m[32mMapped {/health/db, GET} route[39m[38;5;3m +2ms[39m
[32m[Nest] 7920  - [39m07/03/2026, 6:05:47 PM [32m    LOG[39m [38;5;3m[RoutesResolver] [39m[32mAuthController {/auth}:[39m[38;5;3m +0ms[39m
[32m[Nest] 7920  - [39m07/03/2026, 6:05:47 PM [32m    LOG[39m [38;5;3m[RouterExplorer] [39m[32mMapped {/auth/logout, POST} route[39m[38;5;3m +15ms[39m
[32m[Nest] 7920  - [39m07/03/2026, 6:05:47 PM [32m    LOG[39m [38;5;3m[RouterExplorer] [39m[32mMapped {/auth/register, POST} route[39m[38;5;3m +1ms[39m
[32m[Nest] 7920  - [39m07/03/2026, 6:05:47 PM [32m    LOG[39m [38;5;3m[RouterExplorer] [39m[32mMapped {/auth/signup, POST} route[39m[38;5;3m +1ms[39m
[32m[Nest] 7920  - [39m07/03/2026, 6:05:47 PM [32m    LOG[39m [38;5;3m[RouterExplorer] [39m[32mMapped {/auth/login, POST} route[39m[38;5;3m +1ms[39m
[32m[Nest] 7920  - [39m07/03/2026, 6:05:47 PM [32m    LOG[39m [38;5;3m[RouterExplorer] [39m[32mMapped {/auth/social-login, POST} route[39m[38;5;3m +2ms[39m
[32m[Nest] 7920  - [39m07/03/2026, 6:05:47 PM [32m    LOG[39m [38;5;3m[RouterExplorer] [39m[32mMapped {/auth/google, GET} route[39m[38;5;3m +1ms[39m
[32m[Nest] 7920  - [39m07/03/2026, 6:05:47 PM [32m    LOG[39m [38;5;3m[RouterExplorer] [39m[32mMapped {/auth/google/callback, GET} route[39m[38;5;3m +2ms[39m
[32m[Nest] 7920  - [39m07/03/2026, 6:05:47 PM [32m    LOG[39m [38;5;3m[RouterExplorer] [39m[32mMapped {/auth/google/approval, GET} route[39m[38;5;3m +1ms[39m
[32m[Nest] 7920  - [39m07/03/2026, 6:05:47 PM [32m    LOG[39m [38;5;3m[RouterExplorer] [39m[32mMapped {/auth/google/approval/status, GET} route[39m[38;5;3m +2ms[39m
[32m[Nest] 7920  - [39m07/03/2026, 6:05:47 PM [32m    LOG[39m [38;5;3m[RouterExplorer] [39m[32mMapped {/auth/forgot-password, POST} route[39m[38;5;3m +1ms[39m
[32m[Nest] 7920  - [39m07/03/2026, 6:05:47 PM [32m    LOG[39m [38;5;3m[RouterExplorer] [39m[32mMapped {/auth/verify-reset-code, POST} route[39m[38;5;3m +1ms[39m
[32m[Nest] 7920  - [39m07/03/2026, 6:05:47 PM [32m    LOG[39m [38;5;3m[RouterExplorer] [39m[32mMapped {/auth/reset-password, POST} route[39m[38;5;3m +2ms[39m
[32m[Nest] 7920  - [39m07/03/2026, 6:05:47 PM [32m    LOG[39m [38;5;3m[RouterExplorer] [39m[32mMapped {/auth/exists, GET} route[39m[38;5;3m +1ms[39m
[32m[Nest] 7920  - [39m07/03/2026, 6:05:47 PM [32m    LOG[39m [38;5;3m[RoutesResolver] [39m[32mRemindersController {/reminders}:[39m[38;5;3m +1ms[39m
[32m[Nest] 7920  - [39m07/03/2026, 6:05:47 PM [32m    LOG[39m [38;5;3m[RouterExplorer] [39m[32mMapped {/reminders, POST} route[39m[38;5;3m +11ms[39m
[32m[Nest] 7920  - [39m07/03/2026, 6:05:47 PM [32m    LOG[39m [38;5;3m[RouterExplorer] [39m[32mMapped {/reminders, GET} route[39m[38;5;3m +2ms[39m
[32m[Nest] 7920  - [39m07/03/2026, 6:05:47 PM [32m    LOG[39m [38;5;3m[RouterExplorer] [39m[32mMapped {/reminders/:id, GET} route[39m[38;5;3m +2ms[39m
[32m[Nest] 7920  - [39m07/03/2026, 6:05:47 PM [32m    LOG[39m [38;5;3m[RouterExplorer] [39m[32mMapped {/reminders/:id, PATCH} route[39m[38;5;3m +2ms[39m
[32m[Nest] 7920  - [39m07/03/2026, 6:05:47 PM [32m    LOG[39m [38;5;3m[RouterExplorer] [39m[32mMapped {/reminders/:id, DELETE} route[39m[38;5;3m +1ms[39m
[32m[Nest] 7920  - [39m07/03/2026, 6:05:47 PM [32m    LOG[39m [38;5;3m[RoutesResolver] [39m[32mSpeechController {/speech}:[39m[38;5;3m +0ms[39m
[32m[Nest] 7920  - [39m07/03/2026, 6:05:47 PM [32m    LOG[39m [38;5;3m[RouterExplorer] [39m[32mMapped {/speech/transcribe, POST} route[39m[38;5;3m +1ms[39m
[32m[Nest] 7920  - [39m07/03/2026, 6:05:47 PM [32m    LOG[39m [38;5;3m[RoutesResolver] [39m[32mAiController {/ai}:[39m[38;5;3m +0ms[39m
[32m[Nest] 7920  - [39m07/03/2026, 6:05:47 PM [32m    LOG[39m [38;5;3m[RouterExplorer] [39m[32mMapped {/ai/parse-reminder, POST} route[39m[38;5;3m +1ms[39m
[32m[Nest] 7920  - [39m07/03/2026, 6:05:47 PM [32m    LOG[39m [38;5;3m[RouterExplorer] [39m[32mMapped {/ai/voice-reminder-draft, POST} route[39m[38;5;3m +0ms[39m
[32m[Nest] 7920  - [39m07/03/2026, 6:05:47 PM [32m    LOG[39m [38;5;3m[RoutesResolver] [39m[32mTasksController {/tasks}:[39m[38;5;3m +1ms[39m
[32m[Nest] 7920  - [39m07/03/2026, 6:05:47 PM [32m    LOG[39m [38;5;3m[RouterExplorer] [39m[32mMapped {/tasks, POST} route[39m[38;5;3m +0ms[39m
[32m[Nest] 7920  - [39m07/03/2026, 6:05:47 PM [32m    LOG[39m [38;5;3m[RouterExplorer] [39m[32mMapped {/tasks/recurrence/run, POST} route[39m[38;5;3m +1ms[39m
[32m[Nest] 7920  - [39m07/03/2026, 6:05:47 PM [32m    LOG[39m [38;5;3m[RouterExplorer] [39m[32mMapped {/tasks, GET} route[39m[38;5;3m +0ms[39m
[32m[Nest] 7920  - [39m07/03/2026, 6:05:47 PM [32m    LOG[39m [38;5;3m[RouterExplorer] [39m[32mMapped {/tasks/:id, GET} route[39m[38;5;3m +1ms[39m
[32m[Nest] 7920  - [39m07/03/2026, 6:05:47 PM [32m    LOG[39m [38;5;3m[RouterExplorer] [39m[32mMapped {/tasks/:id, PATCH} route[39m[38;5;3m +0ms[39m
[32m[Nest] 7920  - [39m07/03/2026, 6:05:47 PM [32m    LOG[39m [38;5;3m[RouterExplorer] [39m[32mMapped {/tasks/:id, DELETE} route[39m[38;5;3m +3ms[39m
[32m[Nest] 7920  - [39m07/03/2026, 6:05:47 PM [32m    LOG[39m [38;5;3m[RouterExplorer] [39m[32mMapped {/tasks/:id/status, PATCH} route[39m[38;5;3m +4ms[39m
[32m[Nest] 7920  - [39m07/03/2026, 6:05:47 PM [32m    LOG[39m [38;5;3m[RouterExplorer] [39m[32mMapped {/tasks/:id/progress, PATCH} route[39m[38;5;3m +5ms[39m
[32m[Nest] 7920  - [39m07/03/2026, 6:05:47 PM [32m    LOG[39m [38;5;3m[RouterExplorer] [39m[32mMapped {/tasks/:id/labels, GET} route[39m[38;5;3m +3ms[39m
[32m[Nest] 7920  - [39m07/03/2026, 6:05:47 PM [32m    LOG[39m [38;5;3m[RouterExplorer] [39m[32mMapped {/tasks/:id/labels, POST} route[39m[38;5;3m +1ms[39m
[32m[Nest] 7920  - [39m07/03/2026, 6:05:47 PM [32m    LOG[39m [38;5;3m[RouterExplorer] [39m[32mMapped {/tasks/:id/labels/:labelId, DELETE} route[39m[38;5;3m +0ms[39m
[32m[Nest] 7920  - [39m07/03/2026, 6:05:47 PM [32m    LOG[39m [38;5;3m[RouterExplorer] [39m[32mMapped {/tasks/:id/time-estimation, PATCH} route[39m[38;5;3m +1ms[39m
[32m[Nest] 7920  - [39m07/03/2026, 6:05:47 PM [32m    LOG[39m [38;5;3m[RouterExplorer] [39m[32mMapped {/tasks/:id/subtasks, POST} route[39m[38;5;3m +2ms[39m
[32m[Nest] 7920  - [39m07/03/2026, 6:05:47 PM [32m    LOG[39m [38;5;3m[RouterExplorer] [39m[32mMapped {/tasks/:id/subtasks, GET} route[39m[38;5;3m +2ms[39m
[32m[Nest] 7920  - [39m07/03/2026, 6:05:47 PM [32m    LOG[39m [38;5;3m[RouterExplorer] [39m[32mMapped {/tasks/:id/subtasks/:subtaskId, PATCH} route[39m[38;5;3m +1ms[39m
[32m[Nest] 7920  - [39m07/03/2026, 6:05:47 PM [32m    LOG[39m [38;5;3m[RouterExplorer] [39m[32mMapped {/tasks/:id/subtasks/:subtaskId, DELETE} route[39m[38;5;3m +3ms[39m
[32m[Nest] 7920  - [39m07/03/2026, 6:05:47 PM [32m    LOG[39m [38;5;3m[RouterExplorer] [39m[32mMapped {/tasks/:id/dependencies, POST} route[39m[38;5;3m +1ms[39m
[32m[Nest] 7920  - [39m07/03/2026, 6:05:47 PM [32m    LOG[39m [38;5;3m[RouterExplorer] [39m[32mMapped {/tasks/:id/dependencies, GET} route[39m[38;5;3m +1ms[39m
[32m[Nest] 7920  - [39m07/03/2026, 6:05:47 PM [32m    LOG[39m [38;5;3m[RouterExplorer] [39m[32mMapped {/tasks/:id/dependencies/:dependencyTaskId, PATCH} route[39m[38;5;3m +1ms[39m
[32m[Nest] 7920  - [39m07/03/2026, 6:05:47 PM [32m    LOG[39m [38;5;3m[RouterExplorer] [39m[32mMapped {/tasks/:id/dependencies/:dependencyTaskId, DELETE} route[39m[38;5;3m +1ms[39m
[32m[Nest] 7920  - [39m07/03/2026, 6:05:47 PM [32m    LOG[39m [38;5;3m[RouterExplorer] [39m[32mMapped {/tasks/:id/recurrence, PUT} route[39m[38;5;3m +6ms[39m
[32m[Nest] 7920  - [39m07/03/2026, 6:05:47 PM [32m    LOG[39m [38;5;3m[RouterExplorer] [39m[32mMapped {/tasks/:id/recurrence, GET} route[39m[38;5;3m +1ms[39m
[32m[Nest] 7920  - [39m07/03/2026, 6:05:47 PM [32m    LOG[39m [38;5;3m[RouterExplorer] [39m[32mMapped {/tasks/:id/recurrence, DELETE} route[39m[38;5;3m +7ms[39m
[32m[Nest] 7920  - [39m07/03/2026, 6:05:47 PM [32m    LOG[39m [38;5;3m[RouterExplorer] [39m[32mMapped {/tasks/:id/activity, GET} route[39m[38;5;3m +2ms[39m
[32m[Nest] 7920  - [39m07/03/2026, 6:05:47 PM [32m    LOG[39m [38;5;3m[RouterExplorer] [39m[32mMapped {/tasks/:id/attachments, GET} route[39m[38;5;3m +24ms[39m
[32m[Nest] 7920  - [39m07/03/2026, 6:05:47 PM [32m    LOG[39m [38;5;3m[RouterExplorer] [39m[32mMapped {/tasks/:id/attachments, POST} route[39m[38;5;3m +1ms[39m
[32m[Nest] 7920  - [39m07/03/2026, 6:05:47 PM [32m    LOG[39m [38;5;3m[RouterExplorer] [39m[32mMapped {/tasks/:id/attachments/:attachmentId/download, GET} route[39m[38;5;3m +1ms[39m
[32m[Nest] 7920  - [39m07/03/2026, 6:05:47 PM [32m    LOG[39m [38;5;3m[RouterExplorer] [39m[32mMapped {/tasks/:id/attachments/:attachmentId, DELETE} route[39m[38;5;3m +0ms[39m
[32m[Nest] 7920  - [39m07/03/2026, 6:05:47 PM [32m    LOG[39m [38;5;3m[RoutesResolver] [39m[32mDashboardController {/dashboard}:[39m[38;5;3m +0ms[39m
[32m[Nest] 7920  - [39m07/03/2026, 6:05:47 PM [32m    LOG[39m [38;5;3m[RouterExplorer] [39m[32mMapped {/dashboard/summary, GET} route[39m[38;5;3m +1ms[39m
[32m[Nest] 7920  - [39m07/03/2026, 6:05:47 PM [32m    LOG[39m [38;5;3m[RoutesResolver] [39m[32mNotesController {/notes}:[39m[38;5;3m +0ms[39m
[32m[Nest] 7920  - [39m07/03/2026, 6:05:47 PM [32m    LOG[39m [38;5;3m[RouterExplorer] [39m[32mMapped {/notes, POST} route[39m[38;5;3m +1ms[39m
[32m[Nest] 7920  - [39m07/03/2026, 6:05:47 PM [32m    LOG[39m [38;5;3m[RouterExplorer] [39m[32mMapped {/notes, GET} route[39m[38;5;3m +1ms[39m
[32m[Nest] 7920  - [39m07/03/2026, 6:05:47 PM [32m    LOG[39m [38;5;3m[RouterExplorer] [39m[32mMapped {/notes/:id, GET} route[39m[38;5;3m +0ms[39m
[32m[Nest] 7920  - [39m07/03/2026, 6:05:47 PM [32m    LOG[39m [38;5;3m[RouterExplorer] [39m[32mMapped {/notes/:id, PATCH} route[39m[38;5;3m +1ms[39m
[32m[Nest] 7920  - [39m07/03/2026, 6:05:47 PM [32m    LOG[39m [38;5;3m[RouterExplorer] [39m[32mMapped {/notes/:id, DELETE} route[39m[38;5;3m +0ms[39m
[32m[Nest] 7920  - [39m07/03/2026, 6:05:59 PM [32m    LOG[39m [38;5;3m[NestApplication] [39m[32mNest application successfully started[39m[38;5;3m +12237ms[39m
BeePlan API is listening on port 3000
